[debug] [2024-01-14T08:20:01.446Z] ----------------------------------------------------------------------
[debug] [2024-01-14T08:20:01.448Z] Command:       /Users/jamal/.nvm/versions/node/v18.19.0/bin/node /Users/jamal/.nvm/versions/node/v20.10.0/bin/firebase deploy
[debug] [2024-01-14T08:20:01.448Z] CLI Version:   13.0.2
[debug] [2024-01-14T08:20:01.448Z] Platform:      darwin
[debug] [2024-01-14T08:20:01.448Z] Node Version:  v18.19.0
[debug] [2024-01-14T08:20:01.454Z] Time:          Sun Jan 14 2024 02:20:01 GMT-0600 (Central Standard Time)
[debug] [2024-01-14T08:20:01.454Z] ----------------------------------------------------------------------
[debug] 
[debug] [2024-01-14T08:20:01.493Z] > command requires scopes: ["email","openid","https://www.googleapis.com/auth/cloudplatformprojects.readonly","https://www.googleapis.com/auth/firebase","https://www.googleapis.com/auth/cloud-platform"]
[debug] [2024-01-14T08:20:01.493Z] > authorizing via signed-in user (jamal@journi.dev)
[debug] [2024-01-14T08:20:01.494Z] [iam] checking project journi-dev for permissions ["cloudfunctions.functions.create","cloudfunctions.functions.delete","cloudfunctions.functions.get","cloudfunctions.functions.list","cloudfunctions.functions.update","cloudfunctions.operations.get","firebase.projects.get","firebasehosting.sites.update"]
[debug] [2024-01-14T08:20:01.494Z] > refreshing access token with scopes: []
[debug] [2024-01-14T08:20:01.495Z] >>> [apiv2][query] POST https://www.googleapis.com/oauth2/v3/token [none]
[debug] [2024-01-14T08:20:01.495Z] >>> [apiv2][body] POST https://www.googleapis.com/oauth2/v3/token [omitted]
[debug] [2024-01-14T08:20:01.666Z] <<< [apiv2][status] POST https://www.googleapis.com/oauth2/v3/token 200
[debug] [2024-01-14T08:20:01.667Z] <<< [apiv2][body] POST https://www.googleapis.com/oauth2/v3/token [omitted]
[debug] [2024-01-14T08:20:01.674Z] >>> [apiv2][query] POST https://cloudresourcemanager.googleapis.com/v1/projects/journi-dev:testIamPermissions [none]
[debug] [2024-01-14T08:20:01.674Z] >>> [apiv2][(partial)header] POST https://cloudresourcemanager.googleapis.com/v1/projects/journi-dev:testIamPermissions x-goog-quota-user=projects/journi-dev
[debug] [2024-01-14T08:20:01.674Z] >>> [apiv2][body] POST https://cloudresourcemanager.googleapis.com/v1/projects/journi-dev:testIamPermissions {"permissions":["cloudfunctions.functions.create","cloudfunctions.functions.delete","cloudfunctions.functions.get","cloudfunctions.functions.list","cloudfunctions.functions.update","cloudfunctions.operations.get","firebase.projects.get","firebasehosting.sites.update"]}
[debug] [2024-01-14T08:20:01.859Z] <<< [apiv2][status] POST https://cloudresourcemanager.googleapis.com/v1/projects/journi-dev:testIamPermissions 200
[debug] [2024-01-14T08:20:01.859Z] <<< [apiv2][body] POST https://cloudresourcemanager.googleapis.com/v1/projects/journi-dev:testIamPermissions {"permissions":["cloudfunctions.functions.create","cloudfunctions.functions.delete","cloudfunctions.functions.get","cloudfunctions.functions.list","cloudfunctions.functions.update","cloudfunctions.operations.get","firebase.projects.get","firebasehosting.sites.update"]}
[debug] [2024-01-14T08:20:01.859Z] >>> [apiv2][query] POST https://iam.googleapis.com/v1/projects/journi-dev/serviceAccounts/journi-dev@appspot.gserviceaccount.com:testIamPermissions [none]
[debug] [2024-01-14T08:20:01.860Z] >>> [apiv2][body] POST https://iam.googleapis.com/v1/projects/journi-dev/serviceAccounts/journi-dev@appspot.gserviceaccount.com:testIamPermissions {"permissions":["iam.serviceAccounts.actAs"]}
[debug] [2024-01-14T08:20:02.030Z] <<< [apiv2][status] POST https://iam.googleapis.com/v1/projects/journi-dev/serviceAccounts/journi-dev@appspot.gserviceaccount.com:testIamPermissions 200
[debug] [2024-01-14T08:20:02.030Z] <<< [apiv2][body] POST https://iam.googleapis.com/v1/projects/journi-dev/serviceAccounts/journi-dev@appspot.gserviceaccount.com:testIamPermissions {"permissions":["iam.serviceAccounts.actAs"]}
[debug] [2024-01-14T08:20:02.031Z] >>> [apiv2][query] GET https://firebase.googleapis.com/v1beta1/projects/journi-dev [none]
[debug] [2024-01-14T08:20:02.180Z] <<< [apiv2][status] GET https://firebase.googleapis.com/v1beta1/projects/journi-dev 200
[debug] [2024-01-14T08:20:02.180Z] <<< [apiv2][body] GET https://firebase.googleapis.com/v1beta1/projects/journi-dev {"projectId":"journi-dev","projectNumber":"795283889160","displayName":"Journi","name":"projects/journi-dev","resources":{"hostingSite":"journi-dev","storageBucket":"journi-dev.appspot.com","locationId":"us-central"},"state":"ACTIVE","etag":"1_64beaf7f-42af-4123-b319-611f64167031"}
[info] 
[info] === Deploying to 'journi-dev'...
[info] 
[info] i  deploying functions, hosting 
[info] Running command: npm --prefix "$RESOURCE_DIR" run lint
[info] ✔  functions: Finished running predeploy script. 
[debug] [2024-01-14T08:20:02.624Z] >>> [apiv2][query] GET https://firebase.googleapis.com/v1beta1/projects/journi-dev [none]
[debug] [2024-01-14T08:20:02.818Z] <<< [apiv2][status] GET https://firebase.googleapis.com/v1beta1/projects/journi-dev 200
[debug] [2024-01-14T08:20:02.818Z] <<< [apiv2][body] GET https://firebase.googleapis.com/v1beta1/projects/journi-dev {"projectId":"journi-dev","projectNumber":"795283889160","displayName":"Journi","name":"projects/journi-dev","resources":{"hostingSite":"journi-dev","storageBucket":"journi-dev.appspot.com","locationId":"us-central"},"state":"ACTIVE","etag":"1_64beaf7f-42af-4123-b319-611f64167031"}
[info] i  functions: preparing codebase default for deployment 
[info] i  functions: ensuring required API cloudfunctions.googleapis.com is enabled... 
[info] i  functions: ensuring required API cloudbuild.googleapis.com is enabled... 
[info] i  artifactregistry: ensuring required API artifactregistry.googleapis.com is enabled... 
[debug] [2024-01-14T08:20:02.820Z] >>> [apiv2][query] GET https://serviceusage.googleapis.com/v1/projects/journi-dev/services/cloudfunctions.googleapis.com [none]
[debug] [2024-01-14T08:20:02.820Z] >>> [apiv2][(partial)header] GET https://serviceusage.googleapis.com/v1/projects/journi-dev/services/cloudfunctions.googleapis.com x-goog-quota-user=projects/journi-dev
[debug] [2024-01-14T08:20:02.822Z] >>> [apiv2][query] GET https://serviceusage.googleapis.com/v1/projects/journi-dev/services/runtimeconfig.googleapis.com [none]
[debug] [2024-01-14T08:20:02.822Z] >>> [apiv2][(partial)header] GET https://serviceusage.googleapis.com/v1/projects/journi-dev/services/runtimeconfig.googleapis.com x-goog-quota-user=projects/journi-dev
[debug] [2024-01-14T08:20:02.823Z] >>> [apiv2][query] GET https://serviceusage.googleapis.com/v1/projects/journi-dev/services/cloudbuild.googleapis.com [none]
[debug] [2024-01-14T08:20:02.823Z] >>> [apiv2][(partial)header] GET https://serviceusage.googleapis.com/v1/projects/journi-dev/services/cloudbuild.googleapis.com x-goog-quota-user=projects/journi-dev
[debug] [2024-01-14T08:20:02.824Z] >>> [apiv2][query] GET https://serviceusage.googleapis.com/v1/projects/journi-dev/services/artifactregistry.googleapis.com [none]
[debug] [2024-01-14T08:20:02.824Z] >>> [apiv2][(partial)header] GET https://serviceusage.googleapis.com/v1/projects/journi-dev/services/artifactregistry.googleapis.com x-goog-quota-user=projects/journi-dev
[debug] [2024-01-14T08:20:03.074Z] <<< [apiv2][status] GET https://serviceusage.googleapis.com/v1/projects/journi-dev/services/cloudbuild.googleapis.com 200
[debug] [2024-01-14T08:20:03.074Z] <<< [apiv2][body] GET https://serviceusage.googleapis.com/v1/projects/journi-dev/services/cloudbuild.googleapis.com [omitted]
[info] ✔  functions: required API cloudbuild.googleapis.com is enabled 
[debug] [2024-01-14T08:20:03.105Z] <<< [apiv2][status] GET https://serviceusage.googleapis.com/v1/projects/journi-dev/services/artifactregistry.googleapis.com 200
[debug] [2024-01-14T08:20:03.106Z] <<< [apiv2][body] GET https://serviceusage.googleapis.com/v1/projects/journi-dev/services/artifactregistry.googleapis.com [omitted]
[info] ✔  artifactregistry: required API artifactregistry.googleapis.com is enabled 
[debug] [2024-01-14T08:20:03.123Z] <<< [apiv2][status] GET https://serviceusage.googleapis.com/v1/projects/journi-dev/services/cloudfunctions.googleapis.com 200
[debug] [2024-01-14T08:20:03.124Z] <<< [apiv2][body] GET https://serviceusage.googleapis.com/v1/projects/journi-dev/services/cloudfunctions.googleapis.com [omitted]
[info] ✔  functions: required API cloudfunctions.googleapis.com is enabled 
[debug] [2024-01-14T08:20:03.128Z] <<< [apiv2][status] GET https://serviceusage.googleapis.com/v1/projects/journi-dev/services/runtimeconfig.googleapis.com 200
[debug] [2024-01-14T08:20:03.128Z] <<< [apiv2][body] GET https://serviceusage.googleapis.com/v1/projects/journi-dev/services/runtimeconfig.googleapis.com [omitted]
[debug] [2024-01-14T08:20:03.129Z] >>> [apiv2][query] GET https://firebase.googleapis.com/v1beta1/projects/journi-dev/adminSdkConfig [none]
[debug] [2024-01-14T08:20:03.380Z] <<< [apiv2][status] GET https://firebase.googleapis.com/v1beta1/projects/journi-dev/adminSdkConfig 200
[debug] [2024-01-14T08:20:03.380Z] <<< [apiv2][body] GET https://firebase.googleapis.com/v1beta1/projects/journi-dev/adminSdkConfig {"projectId":"journi-dev","storageBucket":"journi-dev.appspot.com","locationId":"us-central"}
[debug] [2024-01-14T08:20:03.381Z] >>> [apiv2][query] GET https://runtimeconfig.googleapis.com/v1beta1/projects/journi-dev/configs [none]
[debug] [2024-01-14T08:20:03.875Z] <<< [apiv2][status] GET https://runtimeconfig.googleapis.com/v1beta1/projects/journi-dev/configs 200
[debug] [2024-01-14T08:20:03.876Z] <<< [apiv2][body] GET https://runtimeconfig.googleapis.com/v1beta1/projects/journi-dev/configs {}
[debug] [2024-01-14T08:20:03.879Z] Validating nodejs source
[debug] [2024-01-14T08:20:04.328Z] > [functions] package.json contents: {
  "name": "functions",
  "description": "Cloud Functions for Firebase",
  "scripts": {
    "lint": "",
    "serve": "firebase emulators:start --only functions",
    "shell": "firebase functions:shell",
    "start": "npm run shell",
    "deploy": "firebase deploy --only functions",
    "logs": "firebase functions:log"
  },
  "engines": {
    "node": "18"
  },
  "main": "index.js",
  "dependencies": {
    "busboy": "^1.6.0",
    "ejs": "^3.1.9",
    "ejs-html": "^5.1.5",
    "express": "^4.18.2",
    "firebase": "^9.22.0",
    "firebase-admin": "^11.8.0",
    "firebase-functions": "^4.6.0",
    "postmark": "^4.0.2"
  },
  "devDependencies": {
    "firebase-functions-test": "^3.1.0"
  },
  "private": true
}
[debug] [2024-01-14T08:20:04.328Z] Building nodejs source
[info] i  functions: Loading and analyzing source code for codebase default to determine what to deploy 
[debug] [2024-01-14T08:20:04.329Z] Could not find functions.yaml. Must use http discovery
[debug] [2024-01-14T08:20:04.335Z] Found firebase-functions binary at '/Volumes/JRNI-T5/repos/journi/journi-web/functions/node_modules/.bin/firebase-functions'
[info] Serving at port 8082

[debug] [2024-01-14T08:20:04.857Z] Got response from /__/functions.yaml {"endpoints":{"api":{"platform":"gcfv1","availableMemoryMb":null,"timeoutSeconds":null,"minInstances":null,"maxInstances":null,"ingressSettings":null,"serviceAccountEmail":null,"vpc":null,"httpsTrigger":{},"entryPoint":"api"},"createNotificationOnPin":{"platform":"gcfv1","availableMemoryMb":null,"timeoutSeconds":null,"minInstances":null,"maxInstances":null,"ingressSettings":null,"serviceAccountEmail":null,"vpc":null,"eventTrigger":{"eventType":"providers/cloud.firestore/eventTypes/document.create","eventFilters":{"resource":"projects/journi-dev/databases/(default)/documents/organizations/uncle-johns/pinnedUpdates/{id}"},"retry":false},"labels":{},"entryPoint":"createNotificationOnPin"},"deleteNotificationOnUnpin":{"platform":"gcfv1","availableMemoryMb":null,"timeoutSeconds":null,"minInstances":null,"maxInstances":null,"ingressSettings":null,"serviceAccountEmail":null,"vpc":null,"eventTrigger":{"eventType":"providers/cloud.firestore/eventTypes/document.delete","eventFilters":{"resource":"projects/journi-dev/databases/(default)/documents/organizations/uncle-johns/pinnedUpdates/{id}"},"retry":false},"labels":{},"entryPoint":"deleteNotificationOnUnpin"},"onUserImageChange":{"platform":"gcfv1","availableMemoryMb":null,"timeoutSeconds":null,"minInstances":null,"maxInstances":null,"ingressSettings":null,"serviceAccountEmail":null,"vpc":null,"eventTrigger":{"eventType":"providers/cloud.firestore/eventTypes/document.update","eventFilters":{"resource":"projects/journi-dev/databases/(default)/documents/organizations/uncle-johns/users/{userId}"},"retry":false},"labels":{},"entryPoint":"onUserImageChange"},"onPromotionDelete":{"platform":"gcfv1","availableMemoryMb":null,"timeoutSeconds":null,"minInstances":null,"maxInstances":null,"ingressSettings":null,"serviceAccountEmail":null,"vpc":null,"eventTrigger":{"eventType":"providers/cloud.firestore/eventTypes/document.delete","eventFilters":{"resource":"projects/journi-dev/databases/(default)/documents/organizations/uncle-johns/promotions/{promotionId}"},"retry":false},"labels":{},"entryPoint":"onPromotionDelete"}},"specVersion":"v1alpha1","requiredAPIs":[]}
[info] i  functions: preparing functions directory for uploading... 
[info] i  functions: packaged /Volumes/JRNI-T5/repos/journi/journi-web/functions (84.45 KB) for uploading 
[debug] [2024-01-14T08:20:04.893Z] >>> [apiv2][query] GET https://cloudfunctions.googleapis.com/v1/projects/journi-dev/locations/-/functions [none]
[debug] [2024-01-14T08:20:05.327Z] <<< [apiv2][status] GET https://cloudfunctions.googleapis.com/v1/projects/journi-dev/locations/-/functions 200
[debug] [2024-01-14T08:20:05.328Z] <<< [apiv2][body] GET https://cloudfunctions.googleapis.com/v1/projects/journi-dev/locations/-/functions {"functions":[{"name":"projects/journi-dev/locations/us-central1/functions/api","httpsTrigger":{"url":"https://us-central1-journi-dev.cloudfunctions.net/api","securityLevel":"SECURE_ALWAYS"},"status":"ACTIVE","entryPoint":"api","timeout":"60s","availableMemoryMb":256,"serviceAccountEmail":"journi-dev@appspot.gserviceaccount.com","updateTime":"2024-01-14T08:16:21.156Z","versionId":"183","labels":{"deployment-tool":"cli-firebase","firebase-functions-hash":"7dfd6dc6139c3d19609e13ae66a6c4d1791b1a85"},"sourceUploadUrl":"https://storage.googleapis.com/uploads-815507577531.us-central1.cloudfunctions.appspot.com/552b083c-97ed-456c-b3f1-5578b1e15e3d.zip","environmentVariables":{"FIREBASE_CONFIG":"{\"projectId\":\"journi-dev\",\"storageBucket\":\"journi-dev.appspot.com\",\"locationId\":\"us-central\"}","GCLOUD_PROJECT":"journi-dev","EVENTARC_CLOUD_EVENT_SOURCE":"projects/journi-dev/locations/us-central1/functions/api"},"runtime":"nodejs18","ingressSettings":"ALLOW_ALL","buildId":"4c82315f-6be5-4a55-91bf-38366f12cbe0","buildEnvironmentVariables":{"GOOGLE_NODE_RUN_SCRIPTS":""},"buildName":"projects/795283889160/locations/us-central1/builds/4c82315f-6be5-4a55-91bf-38366f12cbe0","dockerRegistry":"ARTIFACT_REGISTRY","automaticUpdatePolicy":{}},{"name":"projects/journi-dev/locations/us-central1/functions/createNotificationOnPin","eventTrigger":{"eventType":"providers/cloud.firestore/eventTypes/document.create","resource":"projects/journi-dev/databases/(default)/documents/organizations/uncle-johns/pinnedUpdates/{id}","service":"firestore.googleapis.com","failurePolicy":{}},"status":"ACTIVE","entryPoint":"createNotificationOnPin","timeout":"60s","availableMemoryMb":256,"serviceAccountEmail":"journi-dev@appspot.gserviceaccount.com","updateTime":"2024-01-14T08:16:22.346Z","versionId":"143","labels":{"deployment-tool":"cli-firebase","firebase-functions-hash":"7dfd6dc6139c3d19609e13ae66a6c4d1791b1a85"},"sourceUploadUrl":"https://storage.googleapis.com/uploads-815507577531.us-central1.cloudfunctions.appspot.com/552b083c-97ed-456c-b3f1-5578b1e15e3d.zip","environmentVariables":{"FIREBASE_CONFIG":"{\"projectId\":\"journi-dev\",\"storageBucket\":\"journi-dev.appspot.com\",\"locationId\":\"us-central\"}","GCLOUD_PROJECT":"journi-dev","EVENTARC_CLOUD_EVENT_SOURCE":"projects/journi-dev/locations/us-central1/functions/createNotificationOnPin"},"runtime":"nodejs18","maxInstances":3000,"ingressSettings":"ALLOW_ALL","buildId":"4c82315f-6be5-4a55-91bf-38366f12cbe0","buildEnvironmentVariables":{"GOOGLE_NODE_RUN_SCRIPTS":""},"buildName":"projects/795283889160/locations/us-central1/builds/4c82315f-6be5-4a55-91bf-38366f12cbe0","dockerRegistry":"ARTIFACT_REGISTRY","automaticUpdatePolicy":{}},{"name":"projects/journi-dev/locations/us-central1/functions/deleteNotificationOnUnpin","eventTrigger":{"eventType":"providers/cloud.firestore/eventTypes/document.delete","resource":"projects/journi-dev/databases/(default)/documents/organizations/uncle-johns/pinnedUpdates/{id}","service":"firestore.googleapis.com","failurePolicy":{}},"status":"ACTIVE","entryPoint":"deleteNotificationOnUnpin","timeout":"60s","availableMemoryMb":256,"serviceAccountEmail":"journi-dev@appspot.gserviceaccount.com","updateTime":"2024-01-14T08:16:25.078Z","versionId":"143","labels":{"deployment-tool":"cli-firebase","firebase-functions-hash":"7dfd6dc6139c3d19609e13ae66a6c4d1791b1a85"},"sourceUploadUrl":"https://storage.googleapis.com/uploads-815507577531.us-central1.cloudfunctions.appspot.com/552b083c-97ed-456c-b3f1-5578b1e15e3d.zip","environmentVariables":{"FIREBASE_CONFIG":"{\"projectId\":\"journi-dev\",\"storageBucket\":\"journi-dev.appspot.com\",\"locationId\":\"us-central\"}","GCLOUD_PROJECT":"journi-dev","EVENTARC_CLOUD_EVENT_SOURCE":"projects/journi-dev/locations/us-central1/functions/deleteNotificationOnUnpin"},"runtime":"nodejs18","maxInstances":3000,"ingressSettings":"ALLOW_ALL","buildId":"4c82315f-6be5-4a55-91bf-38366f12cbe0","buildEnvironmentVariables":{"GOOGLE_NODE_RUN_SCRIPTS":""},"buildName":"projects/795283889160/locations/us-central1/builds/4c82315f-6be5-4a55-91bf-38366f12cbe0","dockerRegistry":"ARTIFACT_REGISTRY","automaticUpdatePolicy":{}},{"name":"projects/journi-dev/locations/us-central1/functions/onPromotionDelete","eventTrigger":{"eventType":"providers/cloud.firestore/eventTypes/document.delete","resource":"projects/journi-dev/databases/(default)/documents/organizations/uncle-johns/promotions/{promotionId}","service":"firestore.googleapis.com","failurePolicy":{}},"status":"ACTIVE","entryPoint":"onPromotionDelete","timeout":"60s","availableMemoryMb":256,"serviceAccountEmail":"journi-dev@appspot.gserviceaccount.com","updateTime":"2024-01-14T08:16:21.476Z","versionId":"139","labels":{"deployment-tool":"cli-firebase","firebase-functions-hash":"7dfd6dc6139c3d19609e13ae66a6c4d1791b1a85"},"sourceUploadUrl":"https://storage.googleapis.com/uploads-815507577531.us-central1.cloudfunctions.appspot.com/552b083c-97ed-456c-b3f1-5578b1e15e3d.zip","environmentVariables":{"FIREBASE_CONFIG":"{\"projectId\":\"journi-dev\",\"storageBucket\":\"journi-dev.appspot.com\",\"locationId\":\"us-central\"}","GCLOUD_PROJECT":"journi-dev","EVENTARC_CLOUD_EVENT_SOURCE":"projects/journi-dev/locations/us-central1/functions/onPromotionDelete"},"runtime":"nodejs18","maxInstances":3000,"ingressSettings":"ALLOW_ALL","buildId":"4c82315f-6be5-4a55-91bf-38366f12cbe0","buildEnvironmentVariables":{"GOOGLE_NODE_RUN_SCRIPTS":""},"buildName":"projects/795283889160/locations/us-central1/builds/4c82315f-6be5-4a55-91bf-38366f12cbe0","dockerRegistry":"ARTIFACT_REGISTRY","automaticUpdatePolicy":{}},{"name":"projects/journi-dev/locations/us-central1/functions/onUserImageChange","eventTrigger":{"eventType":"providers/cloud.firestore/eventTypes/document.update","resource":"projects/journi-dev/databases/(default)/documents/organizations/uncle-johns/users/{userId}","service":"firestore.googleapis.com","failurePolicy":{}},"status":"ACTIVE","entryPoint":"onUserImageChange","timeout":"60s","availableMemoryMb":256,"serviceAccountEmail":"journi-dev@appspot.gserviceaccount.com","updateTime":"2024-01-14T08:16:22.265Z","versionId":"139","labels":{"deployment-tool":"cli-firebase","firebase-functions-hash":"7dfd6dc6139c3d19609e13ae66a6c4d1791b1a85"},"sourceUploadUrl":"https://storage.googleapis.com/uploads-815507577531.us-central1.cloudfunctions.appspot.com/552b083c-97ed-456c-b3f1-5578b1e15e3d.zip","environmentVariables":{"FIREBASE_CONFIG":"{\"projectId\":\"journi-dev\",\"storageBucket\":\"journi-dev.appspot.com\",\"locationId\":\"us-central\"}","GCLOUD_PROJECT":"journi-dev","EVENTARC_CLOUD_EVENT_SOURCE":"projects/journi-dev/locations/us-central1/functions/onUserImageChange"},"runtime":"nodejs18","maxInstances":3000,"ingressSettings":"ALLOW_ALL","buildId":"4c82315f-6be5-4a55-91bf-38366f12cbe0","buildEnvironmentVariables":{"GOOGLE_NODE_RUN_SCRIPTS":""},"buildName":"projects/795283889160/locations/us-central1/builds/4c82315f-6be5-4a55-91bf-38366f12cbe0","dockerRegistry":"ARTIFACT_REGISTRY","automaticUpdatePolicy":{}}]}
[debug] [2024-01-14T08:20:05.331Z] >>> [apiv2][query] GET https://cloudfunctions.googleapis.com/v2/projects/journi-dev/locations/-/functions filter=environment%3D%22GEN_2%22
[debug] [2024-01-14T08:20:05.742Z] <<< [apiv2][status] GET https://cloudfunctions.googleapis.com/v2/projects/journi-dev/locations/-/functions 200
[debug] [2024-01-14T08:20:05.742Z] <<< [apiv2][body] GET https://cloudfunctions.googleapis.com/v2/projects/journi-dev/locations/-/functions {}
[debug] [2024-01-14T08:20:05.751Z] >>> [apiv2][query] GET https://firebase.googleapis.com/v1beta1/projects/journi-dev [none]
[debug] [2024-01-14T08:20:05.937Z] <<< [apiv2][status] GET https://firebase.googleapis.com/v1beta1/projects/journi-dev 200
[debug] [2024-01-14T08:20:05.937Z] <<< [apiv2][body] GET https://firebase.googleapis.com/v1beta1/projects/journi-dev {"projectId":"journi-dev","projectNumber":"795283889160","displayName":"Journi","name":"projects/journi-dev","resources":{"hostingSite":"journi-dev","storageBucket":"journi-dev.appspot.com","locationId":"us-central"},"state":"ACTIVE","etag":"1_64beaf7f-42af-4123-b319-611f64167031"}
[debug] [2024-01-14T08:20:05.942Z] >>> [apiv2][query] POST https://firebasehosting.googleapis.com/v1beta1/projects/-/sites/journi-dev/versions [none]
[debug] [2024-01-14T08:20:05.942Z] >>> [apiv2][body] POST https://firebasehosting.googleapis.com/v1beta1/projects/-/sites/journi-dev/versions {"status":"CREATED","labels":{"deployment-tool":"cli-firebase"}}
[debug] [2024-01-14T08:20:06.500Z] <<< [apiv2][status] POST https://firebasehosting.googleapis.com/v1beta1/projects/-/sites/journi-dev/versions 200
[debug] [2024-01-14T08:20:06.500Z] <<< [apiv2][body] POST https://firebasehosting.googleapis.com/v1beta1/projects/-/sites/journi-dev/versions {"name":"projects/795283889160/sites/journi-dev/versions/c4f5f74130f16c7a","status":"CREATED","config":{},"labels":{"deployment-tool":"cli-firebase"}}
[debug] [2024-01-14T08:20:06.503Z] >>> [apiv2][query] POST https://cloudfunctions.googleapis.com/v1/projects/journi-dev/locations/us-central1/functions:generateUploadUrl [none]
[debug] [2024-01-14T08:20:06.503Z] >>> [apiv2][body] POST https://cloudfunctions.googleapis.com/v1/projects/journi-dev/locations/us-central1/functions:generateUploadUrl {}
[debug] [2024-01-14T08:20:06.979Z] <<< [apiv2][status] POST https://cloudfunctions.googleapis.com/v1/projects/journi-dev/locations/us-central1/functions:generateUploadUrl 200
[debug] [2024-01-14T08:20:06.980Z] <<< [apiv2][body] POST https://cloudfunctions.googleapis.com/v1/projects/journi-dev/locations/us-central1/functions:generateUploadUrl {"uploadUrl":"https://storage.googleapis.com/uploads-815507577531.us-central1.cloudfunctions.appspot.com/47047954-b202-4704-8065-f6c80571345c.zip?GoogleAccessId=service-795283889160@gcf-admin-robot.iam.gserviceaccount.com&Expires=1705222206&Signature=WNMtqaM3ysEOImFXnxJ9lnB1rlR%2FJ6Vt8BZI5fask%2Bf0s%2F739pYF9rvOXnd%2F4LxrLbc9NwKHtZqNrm2TGSDg840bqKYvzCMafCz3Jr1xiz0MlldzHyKBG5XacmrJwL%2FKnkA%2Be%2BkcawMVN5mvxt2uQJOLYixmOOawZNiqjc0W7OeRxziXAsH%2FDl929VnHTFlquuwNodhRd%2FMuZ4LO89imDj%2BGDV6KYTDJuM57pFFIL25xpBlGmVM8HC5uuPTbIT9tOkS9k57h1hgFZOyN1iv7rHTTa9%2FearmFYRHZS3Vng8wLpcwKHmBjYVO%2F6DvjjVEAjHiiBQRl82PDA6roEfu0rw%3D%3D"}
[debug] [2024-01-14T08:20:06.981Z] >>> [apiv2][query] PUT https://storage.googleapis.com/uploads-815507577531.us-central1.cloudfunctions.appspot.com/47047954-b202-4704-8065-f6c80571345c.zip GoogleAccessId=service-795283889160%40gcf-admin-robot.iam.gserviceaccount.com&Expires=1705222206&Signature=WNMtqaM3ysEOImFXnxJ9lnB1rlR%2FJ6Vt8BZI5fask%2Bf0s%2F739pYF9rvOXnd%2F4LxrLbc9NwKHtZqNrm2TGSDg840bqKYvzCMafCz3Jr1xiz0MlldzHyKBG5XacmrJwL%2FKnkA%2Be%2BkcawMVN5mvxt2uQJOLYixmOOawZNiqjc0W7OeRxziXAsH%2FDl929VnHTFlquuwNodhRd%2FMuZ4LO89imDj%2BGDV6KYTDJuM57pFFIL25xpBlGmVM8HC5uuPTbIT9tOkS9k57h1hgFZOyN1iv7rHTTa9%2FearmFYRHZS3Vng8wLpcwKHmBjYVO%2F6DvjjVEAjHiiBQRl82PDA6roEfu0rw%3D%3D
[debug] [2024-01-14T08:20:06.981Z] >>> [apiv2][body] PUT https://storage.googleapis.com/uploads-815507577531.us-central1.cloudfunctions.appspot.com/47047954-b202-4704-8065-f6c80571345c.zip [stream]
[debug] [2024-01-14T08:20:07.203Z] <<< [apiv2][status] PUT https://storage.googleapis.com/uploads-815507577531.us-central1.cloudfunctions.appspot.com/47047954-b202-4704-8065-f6c80571345c.zip 200
[debug] [2024-01-14T08:20:07.203Z] <<< [apiv2][body] PUT https://storage.googleapis.com/uploads-815507577531.us-central1.cloudfunctions.appspot.com/47047954-b202-4704-8065-f6c80571345c.zip [omitted]
[info] ✔  functions: functions folder uploaded successfully 
[info] i  hosting[journi-dev]: beginning deploy... 
[info] i  hosting[journi-dev]: found 54 files in build 
[debug] [2024-01-14T08:20:07.266Z] [hosting] uploading with 200 concurrency
[debug] [2024-01-14T08:20:07.275Z] [hosting] hash cache [YnVpbGQ] stored for 54 files
[debug] [2024-01-14T08:20:07.275Z] [hosting][hash queue][FINAL] {"max":3,"min":0,"avg":0.9238454260265141,"active":0,"complete":54,"success":54,"errored":0,"retried":0,"total":54,"elapsed":6}
[debug] [2024-01-14T08:20:07.276Z] >>> [apiv2][query] POST https://firebasehosting.googleapis.com/v1beta1/projects/795283889160/sites/journi-dev/versions/c4f5f74130f16c7a:populateFiles [none]
[debug] [2024-01-14T08:20:07.276Z] >>> [apiv2][body] POST https://firebasehosting.googleapis.com/v1beta1/projects/795283889160/sites/journi-dev/versions/c4f5f74130f16c7a:populateFiles {"files":{"/asset-manifest.json":"19eb0e02a8e5b88fcf1b44d013e4c97cfd3acc8939818f599e30ac9b53c3f695","/favicon.ico":"90705285b5bbb55374f1308b89ad209a86edc1af4a994d0ec2ff39c340d9f2a9","/index.html":"8da225b0848d3c613ec0d1b5e59168e0bf0106832eca59c0bd98ccb3d2e1237e","/logo192.png":"f66564670b5bfe49f3f04a5b63107bae60f4a7736f1d3b83aa0115f7acf45150","/logo512.png":"2356e0b814e58a349935c8de17226873d615d088a867d591fef48a64c80c9a2f","/manifest.json":"4e1d3adad9ce7e17c0d13fac197f1c27091906f4ecf3909c9f51247bff345118","/robots.txt":"391d14b3c2f8c9143a27a28c7399585142228d4d1bdbe2c87ac946de411fa9a2","/stockProfilePicture.jpg":"3803a8c1d6e3a653375bb27220594a936cb06b9ef8cea7636a334f68c58144a2","/static/css/main.cc0bdc43.css":"4628d81b49509190ca71919c6d19184c672d8bd06cb699514aefd9c6ed601135","/static/css/main.cc0bdc43.css.map":"bc8506e15da27c418d985653ab1129b079b9d894746a427ae3a63a7b7367ce5a","/static/js/main.50270934.js":"f3d1942f377bb7a4c0d5fbc9ee1f7264caf66153b103b4db3a5e0981c384adf7","/static/js/main.50270934.js.LICENSE.txt":"e5d25fcd7e03581dbdc278f702b456503e93d5718aa724f9d217f7007111b323","/static/js/main.50270934.js.map":"38dc2cee6aa321a5d1ef149a64ea23844335ecef25da9502efbad118e5c080ac","/static/media/Doordash.c608fd7aeeb0719d6ea7ea56fdb5ea3c.svg":"aadf2d8ef542e312574ee17df178b1d830d571653457799053f81f16fe561288","/static/media/Google.a61dad18d2a7d94a4e0e0e439ac5a0f8.svg":"8f8dc5a15be6da52dab3c1c097ac5e7d9ee4e089f57bcdc7fec169fc70e15eb7","/static/media/Microsoft.e116a418f9c5f551889532b8c5095213.svg":"588bf46a7a3342e9f6d5e82d307a7c02d4932c39c6b245e13997750e87b741a6","/static/media/avenirnext-bold-01-webfont.0f9348f1cc2ed65914cc.woff":"8fd88cc75b3bec9a70056085d8cbb8e1488e6ab22b5d56a4fdc75f9e92a99d5b","/static/media/avenirnext-bold-01-webfont.e3a5aa8139df9fac276a.woff2":"36751a95cdd67648326637b8f367483fd3ad0ebddfa3b84de0135bac57cf2aec","/static/media/avenirnext-bolditalic-02-webfont.22062012aa473718b051.woff2":"f792bc438b025bd4abdeb42d210acf383ca5110e6612f20397dcaba8bc1818f2","/static/media/avenirnext-bolditalic-02-webfont.dbc2dc104b6005a4f0ac.woff":"3d931e752be83ed6cc1ac0713d6c7d9f4c341acd89b124f9f727e34585679d8b","/static/media/avenirnext-demibold-03-webfont.096781757cbf31062411.woff":"fd4d1f934a7f660544c84762288047a4194615fdebdfbb6143398a7588a98c69","/static/media/avenirnext-demibold-03-webfont.77b1efaae21fabd99e2f.woff2":"feb47e348d49860a9ab339f01e7b9a78cbf7fb230cfd271547278df5c067db51","/static/media/avenirnext-demibolditalic-04-webfont.64c787e6a22274ff8d6c.woff2":"b5d37c1062b116c5c0732bd8eb532911067ba9ca6aa60eb4698963a79a554171","/static/media/avenirnext-demibolditalic-04-webfont.c4173ac399c02e65d011.woff":"5df839c05e4e2a271c4dd032cd02295e532ea2f06f83b78f176145c2df2b4598","/static/media/avenirnext-heavy-09-webfont.28363c79d8ecfaeaa783.woff2":"620e420daf4d488a7292e8deaae8187cda38285de08633b3aea582b38a144b44","/static/media/avenirnext-heavy-09-webfont.cb50032250e32071b9e0.woff":"60b0f19ddfc16cb198b1975c8889d93e91d0dfb572883960a7dd07e847e496ab","/static/media/avenirnext-heavyitalic-10-webfont.700a9eb0518aaadaf640.woff":"affbda7d8ddfaa1f04fc63153423df4efb8b0013c0058f6415944427ce741e9a","/static/media/avenirnext-heavyitalic-10-webfont.d279e4a8d56de7739101.woff2":"4a2ec9a6657d8093b638bd9027243281f4f7d6a5a576dc35c8bf72123ef20d58","/static/media/avenirnext-italic-05-webfont.1597e7720fa50ed697ff.woff2":"9c32b715f33fccb2cd85487e66ce6ac37263b0ed08373ed1d25f81e97af2349f","/static/media/avenirnext-italic-05-webfont.9ef360fae6ebdfb5a029.woff":"e27a4cdb02cca9c1c2ed89c37fbfc32cb6acd5f3815f789a3a74b23cfd71273c","/static/media/avenirnext-medium-06-webfont.17505e3ace9a738248e6.woff":"2c35f99b7283fed9d3449ba62776b8ed3baa80dc0d91c9ecd2653db2f65d28c3","/static/media/avenirnext-medium-06-webfont.45b38e30f4b3b5e81b99.woff2":"c56281d8f6d5175949b0c2a135af1eadbc3fe5946d3e2d16df002a78c5b14bc8","/static/media/avenirnext-mediumitalic-07-webfont.3327c521ad007a66e48f.woff":"0ca926c7cee6840969be362609faea8604a20f599f1bf11d155f5f40c336db2b","/static/media/avenirnext-mediumitalic-07-webfont.e4e4029388f5ccc28774.woff2":"e6b2ca04cafeaa827f0a2ccb2129eb2dd8d4825c2b32ddc137bca3eac9ebbcc8","/static/media/avenirnext-regular-08-webfont.d236cc7cb1875d3bc1ee.woff2":"5423a83555735d3f7757af4480d66907582d5891cb1350572e5d8a3efb340595","/static/media/avenirnext-regular-08-webfont.f437b90011b8dc3a3590.woff":"f35d32c270aee61cd20b7ddbfcb5c00815a998b0a06a8065e0bd23762edf3e89","/static/media/avenirnext-ultralight-11-webfont.ad1e10e4711232778923.woff":"2564648665af52c93599cd6a468b1ee11f4d3df7e483be24067c4d737c3a5bcd","/static/media/avenirnext-ultralight-11-webfont.c8fa3edf88cfcdf065cf.woff2":"46ba431f5d99898f2a53f4b4fe515ae561ef3530e85588f6a22a4f7e7379280c","/static/media/avenirnext-ultralightitalic-12-webfont.4a7e06383a355c290035.woff":"d08d78d281deace398bb9cfb335b7e4c0cbdca6e7c219a9fde92a18139b0f0e3","/static/media/avenirnext-ultralightitalic-12-webfont.eee8b6c3e718489420ca.woff2":"c7b7b249aaca9442a2fffc7e1bed4d70d7266757ceb33bd4d240cf9b642081e5","/static/media/facebook.473ce2bdc15b82e4280881ac07e9ffd3.svg":"776a03b6e8931ed2155bafae7aa11f00b74d3181283e7c5caf5852ceb00d739d","/static/media/getting-started-step-1.821e74d5879cfc4797d1827c34bd3e87.svg":"c817e4382218e432119121ccde6c70d2ae6b90f2b489dbb83faa6089174342b6","/static/media/getting-started-step-2.387b2b2a1be3f3c4e7abe6c5af387109.svg":"aec9ee66cc83c43cd214c15bdf5859badd77b2c653483960dfd3eb8e67ab42e8","/static/media/getting-started-step-3.ee5e4169abd674d15e6eaad4f7e2478e.svg":"d38479da25a7894754720acb7aaf0b6eca2b2f0e2d662d45da2be4f0d88e4937","/static/media/getting-started-step-4.277ddeb61c88b28e68aa5f419de12837.svg":"37062d37e064e9345190868a777c8d142f57555ea426b85d5cb0e806ff6c6020","/static/media/pricing-0-base.b6979bf14a138921c5572fbb2bb6106e.svg":"200b71dd40a1e934a25d56b28538de860612077a5e2b9329c479f8d4393067cf","/static/media/pricing-1-plus.387b2b2a1be3f3c4e7abe6c5af387109.svg":"aec9ee66cc83c43cd214c15bdf5859badd77b2c653483960dfd3eb8e67ab42e8","/static/media/pricing-2-max.a842f566659b8a0335f4724eef6dd6ff.svg":"5256ee38913ed4b11c58b4f74b573a540c70d6a78f608b3cd92d6f8cc26f2dcf","/static/media/threads-dark.a8fed615a86a807dc98e53f89f4318f7.svg":"6a7362cc7fbccb02269f9f18bfb969743d1397c4b44f31681374546953114e9f","/static/media/threads-light.ac22e014e52bfa20f5d9add3fc8bd32e.svg":"8930f430be9064ea523ca9104ac6a548e62abac673ea70469f68899e2d109f41","/static/media/tiktok-dark.4765d8819a64deb282d55a482dae4acd.svg":"7573c563a9e1f67033d38cf06bfea8d2a954340bafb21789e8bcaf116b505cd3","/static/media/tiktok-light.f1fd129943886a7b37b53a5a9d319da7.svg":"c8740f1275b53465c25dc379c1d95479d4ed7f008a82d63cef942d7ea1f124fb","/static/media/x-dark.a14060c30e399582887d7d60982aca96.svg":"08a5adc6e7ff475dfbc38e6b9fe35c5737272ba3f1cc95a5ebf2e245df9fffd6","/static/media/x-light.a20fafac9fdee7e197c6c16ac4af7e4d.svg":"faa5d110799ad5e0fdb33b696dace8726c93cb627bd3e8da8f7e355709facf9b"}}
[debug] [2024-01-14T08:20:07.603Z] <<< [apiv2][status] POST https://firebasehosting.googleapis.com/v1beta1/projects/795283889160/sites/journi-dev/versions/c4f5f74130f16c7a:populateFiles 200
[debug] [2024-01-14T08:20:07.603Z] <<< [apiv2][body] POST https://firebasehosting.googleapis.com/v1beta1/projects/795283889160/sites/journi-dev/versions/c4f5f74130f16c7a:populateFiles {"uploadUrl":"https://upload-firebasehosting.googleapis.com/upload/sites/journi-dev/versions/c4f5f74130f16c7a/files"}
[debug] [2024-01-14T08:20:07.604Z] [hosting][populate queue][FINAL] {"max":332,"min":332,"avg":332,"active":0,"complete":1,"success":1,"errored":0,"retried":0,"total":1,"elapsed":332}
[debug] [2024-01-14T08:20:07.604Z] [hosting] uploads queued: 0
[debug] [2024-01-14T08:20:07.604Z] [hosting][upload queue][FINAL] {"max":0,"min":9999999999,"avg":0,"active":0,"complete":0,"success":0,"errored":0,"retried":0,"total":0,"elapsed":1705220407604}
[info] ✔  hosting[journi-dev]: file upload complete 
[debug] [2024-01-14T08:20:07.606Z] [hosting] deploy completed after 401ms
[info] i  functions: updating Node.js 18 (1st Gen) function api(us-central1)... 
[info] i  functions: updating Node.js 18 (1st Gen) function createNotificationOnPin(us-central1)... 
[info] i  functions: updating Node.js 18 (1st Gen) function deleteNotificationOnUnpin(us-central1)... 
[info] i  functions: updating Node.js 18 (1st Gen) function onUserImageChange(us-central1)... 
[info] i  functions: updating Node.js 18 (1st Gen) function onPromotionDelete(us-central1)... 
[debug] [2024-01-14T08:20:07.613Z] >>> [apiv2][query] PATCH https://cloudfunctions.googleapis.com/v1/projects/journi-dev/locations/us-central1/functions/api updateMask=name%2CsourceUploadUrl%2CentryPoint%2Cruntime%2CdockerRegistry%2Clabels%2ChttpsTrigger.securityLevel%2CminInstances%2CmaxInstances%2CingressSettings%2CenvironmentVariables%2CserviceAccountEmail%2CavailableMemoryMb%2Ctimeout%2CvpcConnector%2CvpcConnectorEgressSettings%2CsourceToken%2CbuildEnvironmentVariables
[debug] [2024-01-14T08:20:07.613Z] >>> [apiv2][body] PATCH https://cloudfunctions.googleapis.com/v1/projects/journi-dev/locations/us-central1/functions/api {"name":"projects/journi-dev/locations/us-central1/functions/api","sourceUploadUrl":"https://storage.googleapis.com/uploads-815507577531.us-central1.cloudfunctions.appspot.com/47047954-b202-4704-8065-f6c80571345c.zip?GoogleAccessId=service-795283889160@gcf-admin-robot.iam.gserviceaccount.com&Expires=1705222206&Signature=WNMtqaM3ysEOImFXnxJ9lnB1rlR%2FJ6Vt8BZI5fask%2Bf0s%2F739pYF9rvOXnd%2F4LxrLbc9NwKHtZqNrm2TGSDg840bqKYvzCMafCz3Jr1xiz0MlldzHyKBG5XacmrJwL%2FKnkA%2Be%2BkcawMVN5mvxt2uQJOLYixmOOawZNiqjc0W7OeRxziXAsH%2FDl929VnHTFlquuwNodhRd%2FMuZ4LO89imDj%2BGDV6KYTDJuM57pFFIL25xpBlGmVM8HC5uuPTbIT9tOkS9k57h1hgFZOyN1iv7rHTTa9%2FearmFYRHZS3Vng8wLpcwKHmBjYVO%2F6DvjjVEAjHiiBQRl82PDA6roEfu0rw%3D%3D","entryPoint":"api","runtime":"nodejs18","dockerRegistry":"ARTIFACT_REGISTRY","labels":{"deployment-tool":"cli-firebase","firebase-functions-hash":"caddd2b257e12562b84fb78b15d53a37c9056f77"},"httpsTrigger":{"securityLevel":"SECURE_ALWAYS"},"minInstances":null,"maxInstances":null,"ingressSettings":null,"environmentVariables":{"FIREBASE_CONFIG":"{\"projectId\":\"journi-dev\",\"storageBucket\":\"journi-dev.appspot.com\",\"locationId\":\"us-central\"}","GCLOUD_PROJECT":"journi-dev","EVENTARC_CLOUD_EVENT_SOURCE":"projects/journi-dev/locations/us-central1/functions/api"},"serviceAccountEmail":null,"availableMemoryMb":null,"timeout":null,"vpcConnector":null,"vpcConnectorEgressSettings":null,"buildEnvironmentVariables":{"GOOGLE_NODE_RUN_SCRIPTS":""}}
[debug] [2024-01-14T08:20:07.981Z] <<< [apiv2][status] PATCH https://cloudfunctions.googleapis.com/v1/projects/journi-dev/locations/us-central1/functions/api 200
[debug] [2024-01-14T08:20:07.981Z] <<< [apiv2][body] PATCH https://cloudfunctions.googleapis.com/v1/projects/journi-dev/locations/us-central1/functions/api {"name":"operations/am91cm5pLWRldi91cy1jZW50cmFsMS9hcGkvbzFhanBBZ1dfUk0","metadata":{"@type":"type.googleapis.com/google.cloud.functions.v1.OperationMetadataV1","target":"projects/journi-dev/locations/us-central1/functions/api","type":"UPDATE_FUNCTION","request":{"@type":"type.googleapis.com/google.cloud.functions.v1.CloudFunction","name":"projects/journi-dev/locations/us-central1/functions/api","httpsTrigger":{"url":"https://us-central1-journi-dev.cloudfunctions.net/api","securityLevel":"SECURE_ALWAYS"},"status":"ACTIVE","entryPoint":"api","updateTime":"2024-01-14T08:16:21.156Z","versionId":"183","labels":{"deployment-tool":"cli-firebase","firebase-functions-hash":"caddd2b257e12562b84fb78b15d53a37c9056f77"},"sourceUploadUrl":"https://storage.googleapis.com/uploads-815507577531.us-central1.cloudfunctions.appspot.com/47047954-b202-4704-8065-f6c80571345c.zip?GoogleAccessId=service-795283889160@gcf-admin-robot.iam.gserviceaccount.com&Expires=1705222206&Signature=WNMtqaM3ysEOImFXnxJ9lnB1rlR%2FJ6Vt8BZI5fask%2Bf0s%2F739pYF9rvOXnd%2F4LxrLbc9NwKHtZqNrm2TGSDg840bqKYvzCMafCz3Jr1xiz0MlldzHyKBG5XacmrJwL%2FKnkA%2Be%2BkcawMVN5mvxt2uQJOLYixmOOawZNiqjc0W7OeRxziXAsH%2FDl929VnHTFlquuwNodhRd%2FMuZ4LO89imDj%2BGDV6KYTDJuM57pFFIL25xpBlGmVM8HC5uuPTbIT9tOkS9k57h1hgFZOyN1iv7rHTTa9%2FearmFYRHZS3Vng8wLpcwKHmBjYVO%2F6DvjjVEAjHiiBQRl82PDA6roEfu0rw%3D%3D","environmentVariables":{"FIREBASE_CONFIG":"{\"projectId\":\"journi-dev\",\"storageBucket\":\"journi-dev.appspot.com\",\"locationId\":\"us-central\"}","GCLOUD_PROJECT":"journi-dev","EVENTARC_CLOUD_EVENT_SOURCE":"projects/journi-dev/locations/us-central1/functions/api"},"runtime":"nodejs18","buildId":"4c82315f-6be5-4a55-91bf-38366f12cbe0","buildEnvironmentVariables":{"GOOGLE_NODE_RUN_SCRIPTS":""},"buildName":"projects/795283889160/locations/us-central1/builds/4c82315f-6be5-4a55-91bf-38366f12cbe0","dockerRegistry":"ARTIFACT_REGISTRY","automaticUpdatePolicy":{}},"versionId":"184","updateTime":"2024-01-14T08:20:07Z"}}
[debug] [2024-01-14T08:20:07.983Z] >>> [apiv2][query] GET https://cloudfunctions.googleapis.com/v1/operations/am91cm5pLWRldi91cy1jZW50cmFsMS9hcGkvbzFhanBBZ1dfUk0 [none]
[debug] [2024-01-14T08:20:08.116Z] <<< [apiv2][status] GET https://cloudfunctions.googleapis.com/v1/operations/am91cm5pLWRldi91cy1jZW50cmFsMS9hcGkvbzFhanBBZ1dfUk0 200
[debug] [2024-01-14T08:20:08.116Z] <<< [apiv2][body] GET https://cloudfunctions.googleapis.com/v1/operations/am91cm5pLWRldi91cy1jZW50cmFsMS9hcGkvbzFhanBBZ1dfUk0 {"name":"operations/am91cm5pLWRldi91cy1jZW50cmFsMS9hcGkvbzFhanBBZ1dfUk0","metadata":{"@type":"type.googleapis.com/google.cloud.functions.v1.OperationMetadataV1","target":"projects/journi-dev/locations/us-central1/functions/api","type":"UPDATE_FUNCTION","request":{"@type":"type.googleapis.com/google.cloud.functions.v1.CloudFunction","name":"projects/journi-dev/locations/us-central1/functions/api","httpsTrigger":{"url":"https://us-central1-journi-dev.cloudfunctions.net/api","securityLevel":"SECURE_ALWAYS"},"status":"ACTIVE","entryPoint":"api","updateTime":"2024-01-14T08:16:21.156Z","versionId":"183","labels":{"deployment-tool":"cli-firebase","firebase-functions-hash":"caddd2b257e12562b84fb78b15d53a37c9056f77"},"sourceUploadUrl":"https://storage.googleapis.com/uploads-815507577531.us-central1.cloudfunctions.appspot.com/47047954-b202-4704-8065-f6c80571345c.zip?GoogleAccessId=service-795283889160@gcf-admin-robot.iam.gserviceaccount.com&Expires=1705222206&Signature=WNMtqaM3ysEOImFXnxJ9lnB1rlR%2FJ6Vt8BZI5fask%2Bf0s%2F739pYF9rvOXnd%2F4LxrLbc9NwKHtZqNrm2TGSDg840bqKYvzCMafCz3Jr1xiz0MlldzHyKBG5XacmrJwL%2FKnkA%2Be%2BkcawMVN5mvxt2uQJOLYixmOOawZNiqjc0W7OeRxziXAsH%2FDl929VnHTFlquuwNodhRd%2FMuZ4LO89imDj%2BGDV6KYTDJuM57pFFIL25xpBlGmVM8HC5uuPTbIT9tOkS9k57h1hgFZOyN1iv7rHTTa9%2FearmFYRHZS3Vng8wLpcwKHmBjYVO%2F6DvjjVEAjHiiBQRl82PDA6roEfu0rw%3D%3D","environmentVariables":{"FIREBASE_CONFIG":"{\"projectId\":\"journi-dev\",\"storageBucket\":\"journi-dev.appspot.com\",\"locationId\":\"us-central\"}","GCLOUD_PROJECT":"journi-dev","EVENTARC_CLOUD_EVENT_SOURCE":"projects/journi-dev/locations/us-central1/functions/api"},"runtime":"nodejs18","buildId":"4c82315f-6be5-4a55-91bf-38366f12cbe0","buildEnvironmentVariables":{"GOOGLE_NODE_RUN_SCRIPTS":""},"buildName":"projects/795283889160/locations/us-central1/builds/4c82315f-6be5-4a55-91bf-38366f12cbe0","dockerRegistry":"ARTIFACT_REGISTRY","automaticUpdatePolicy":{}},"versionId":"184","updateTime":"2024-01-14T08:20:07Z"}}
[debug] [2024-01-14T08:20:08.618Z] [update-default-us-central1-api] Retrying task index 0
[debug] [2024-01-14T08:20:08.619Z] >>> [apiv2][query] GET https://cloudfunctions.googleapis.com/v1/operations/am91cm5pLWRldi91cy1jZW50cmFsMS9hcGkvbzFhanBBZ1dfUk0 [none]
[debug] [2024-01-14T08:20:08.775Z] <<< [apiv2][status] GET https://cloudfunctions.googleapis.com/v1/operations/am91cm5pLWRldi91cy1jZW50cmFsMS9hcGkvbzFhanBBZ1dfUk0 200
[debug] [2024-01-14T08:20:08.776Z] <<< [apiv2][body] GET https://cloudfunctions.googleapis.com/v1/operations/am91cm5pLWRldi91cy1jZW50cmFsMS9hcGkvbzFhanBBZ1dfUk0 {"name":"operations/am91cm5pLWRldi91cy1jZW50cmFsMS9hcGkvbzFhanBBZ1dfUk0","metadata":{"@type":"type.googleapis.com/google.cloud.functions.v1.OperationMetadataV1","target":"projects/journi-dev/locations/us-central1/functions/api","type":"UPDATE_FUNCTION","request":{"@type":"type.googleapis.com/google.cloud.functions.v1.CloudFunction","name":"projects/journi-dev/locations/us-central1/functions/api","httpsTrigger":{"url":"https://us-central1-journi-dev.cloudfunctions.net/api","securityLevel":"SECURE_ALWAYS"},"status":"ACTIVE","entryPoint":"api","updateTime":"2024-01-14T08:16:21.156Z","versionId":"183","labels":{"deployment-tool":"cli-firebase","firebase-functions-hash":"caddd2b257e12562b84fb78b15d53a37c9056f77"},"sourceUploadUrl":"https://storage.googleapis.com/uploads-815507577531.us-central1.cloudfunctions.appspot.com/47047954-b202-4704-8065-f6c80571345c.zip?GoogleAccessId=service-795283889160@gcf-admin-robot.iam.gserviceaccount.com&Expires=1705222206&Signature=WNMtqaM3ysEOImFXnxJ9lnB1rlR%2FJ6Vt8BZI5fask%2Bf0s%2F739pYF9rvOXnd%2F4LxrLbc9NwKHtZqNrm2TGSDg840bqKYvzCMafCz3Jr1xiz0MlldzHyKBG5XacmrJwL%2FKnkA%2Be%2BkcawMVN5mvxt2uQJOLYixmOOawZNiqjc0W7OeRxziXAsH%2FDl929VnHTFlquuwNodhRd%2FMuZ4LO89imDj%2BGDV6KYTDJuM57pFFIL25xpBlGmVM8HC5uuPTbIT9tOkS9k57h1hgFZOyN1iv7rHTTa9%2FearmFYRHZS3Vng8wLpcwKHmBjYVO%2F6DvjjVEAjHiiBQRl82PDA6roEfu0rw%3D%3D","environmentVariables":{"FIREBASE_CONFIG":"{\"projectId\":\"journi-dev\",\"storageBucket\":\"journi-dev.appspot.com\",\"locationId\":\"us-central\"}","GCLOUD_PROJECT":"journi-dev","EVENTARC_CLOUD_EVENT_SOURCE":"projects/journi-dev/locations/us-central1/functions/api"},"runtime":"nodejs18","buildId":"4c82315f-6be5-4a55-91bf-38366f12cbe0","buildEnvironmentVariables":{"GOOGLE_NODE_RUN_SCRIPTS":""},"buildName":"projects/795283889160/locations/us-central1/builds/4c82315f-6be5-4a55-91bf-38366f12cbe0","dockerRegistry":"ARTIFACT_REGISTRY","automaticUpdatePolicy":{}},"versionId":"184","updateTime":"2024-01-14T08:20:08Z","buildId":"7c210f76-5e33-42cd-9e23-51624ee71756","buildName":"projects/795283889160/locations/us-central1/builds/7c210f76-5e33-42cd-9e23-51624ee71756"}}
[debug] [2024-01-14T08:20:09.778Z] [update-default-us-central1-api] Retrying task index 0
[debug] [2024-01-14T08:20:09.779Z] >>> [apiv2][query] GET https://cloudfunctions.googleapis.com/v1/operations/am91cm5pLWRldi91cy1jZW50cmFsMS9hcGkvbzFhanBBZ1dfUk0 [none]
[debug] [2024-01-14T08:20:09.940Z] <<< [apiv2][status] GET https://cloudfunctions.googleapis.com/v1/operations/am91cm5pLWRldi91cy1jZW50cmFsMS9hcGkvbzFhanBBZ1dfUk0 200
[debug] [2024-01-14T08:20:09.940Z] <<< [apiv2][body] GET https://cloudfunctions.googleapis.com/v1/operations/am91cm5pLWRldi91cy1jZW50cmFsMS9hcGkvbzFhanBBZ1dfUk0 {"name":"operations/am91cm5pLWRldi91cy1jZW50cmFsMS9hcGkvbzFhanBBZ1dfUk0","metadata":{"@type":"type.googleapis.com/google.cloud.functions.v1.OperationMetadataV1","target":"projects/journi-dev/locations/us-central1/functions/api","type":"UPDATE_FUNCTION","request":{"@type":"type.googleapis.com/google.cloud.functions.v1.CloudFunction","name":"projects/journi-dev/locations/us-central1/functions/api","httpsTrigger":{"url":"https://us-central1-journi-dev.cloudfunctions.net/api","securityLevel":"SECURE_ALWAYS"},"status":"ACTIVE","entryPoint":"api","updateTime":"2024-01-14T08:16:21.156Z","versionId":"183","labels":{"deployment-tool":"cli-firebase","firebase-functions-hash":"caddd2b257e12562b84fb78b15d53a37c9056f77"},"sourceUploadUrl":"https://storage.googleapis.com/uploads-815507577531.us-central1.cloudfunctions.appspot.com/47047954-b202-4704-8065-f6c80571345c.zip?GoogleAccessId=service-795283889160@gcf-admin-robot.iam.gserviceaccount.com&Expires=1705222206&Signature=WNMtqaM3ysEOImFXnxJ9lnB1rlR%2FJ6Vt8BZI5fask%2Bf0s%2F739pYF9rvOXnd%2F4LxrLbc9NwKHtZqNrm2TGSDg840bqKYvzCMafCz3Jr1xiz0MlldzHyKBG5XacmrJwL%2FKnkA%2Be%2BkcawMVN5mvxt2uQJOLYixmOOawZNiqjc0W7OeRxziXAsH%2FDl929VnHTFlquuwNodhRd%2FMuZ4LO89imDj%2BGDV6KYTDJuM57pFFIL25xpBlGmVM8HC5uuPTbIT9tOkS9k57h1hgFZOyN1iv7rHTTa9%2FearmFYRHZS3Vng8wLpcwKHmBjYVO%2F6DvjjVEAjHiiBQRl82PDA6roEfu0rw%3D%3D","environmentVariables":{"FIREBASE_CONFIG":"{\"projectId\":\"journi-dev\",\"storageBucket\":\"journi-dev.appspot.com\",\"locationId\":\"us-central\"}","GCLOUD_PROJECT":"journi-dev","EVENTARC_CLOUD_EVENT_SOURCE":"projects/journi-dev/locations/us-central1/functions/api"},"runtime":"nodejs18","buildId":"4c82315f-6be5-4a55-91bf-38366f12cbe0","buildEnvironmentVariables":{"GOOGLE_NODE_RUN_SCRIPTS":""},"buildName":"projects/795283889160/locations/us-central1/builds/4c82315f-6be5-4a55-91bf-38366f12cbe0","dockerRegistry":"ARTIFACT_REGISTRY","automaticUpdatePolicy":{}},"versionId":"184","updateTime":"2024-01-14T08:20:08Z","buildId":"7c210f76-5e33-42cd-9e23-51624ee71756","buildName":"projects/795283889160/locations/us-central1/builds/7c210f76-5e33-42cd-9e23-51624ee71756"}}
[debug] [2024-01-14T08:20:11.941Z] [update-default-us-central1-api] Retrying task index 0
[debug] [2024-01-14T08:20:11.942Z] >>> [apiv2][query] GET https://cloudfunctions.googleapis.com/v1/operations/am91cm5pLWRldi91cy1jZW50cmFsMS9hcGkvbzFhanBBZ1dfUk0 [none]
[debug] [2024-01-14T08:20:12.081Z] <<< [apiv2][status] GET https://cloudfunctions.googleapis.com/v1/operations/am91cm5pLWRldi91cy1jZW50cmFsMS9hcGkvbzFhanBBZ1dfUk0 200
[debug] [2024-01-14T08:20:12.082Z] <<< [apiv2][body] GET https://cloudfunctions.googleapis.com/v1/operations/am91cm5pLWRldi91cy1jZW50cmFsMS9hcGkvbzFhanBBZ1dfUk0 {"name":"operations/am91cm5pLWRldi91cy1jZW50cmFsMS9hcGkvbzFhanBBZ1dfUk0","metadata":{"@type":"type.googleapis.com/google.cloud.functions.v1.OperationMetadataV1","target":"projects/journi-dev/locations/us-central1/functions/api","type":"UPDATE_FUNCTION","request":{"@type":"type.googleapis.com/google.cloud.functions.v1.CloudFunction","name":"projects/journi-dev/locations/us-central1/functions/api","httpsTrigger":{"url":"https://us-central1-journi-dev.cloudfunctions.net/api","securityLevel":"SECURE_ALWAYS"},"status":"ACTIVE","entryPoint":"api","updateTime":"2024-01-14T08:16:21.156Z","versionId":"183","labels":{"deployment-tool":"cli-firebase","firebase-functions-hash":"caddd2b257e12562b84fb78b15d53a37c9056f77"},"sourceUploadUrl":"https://storage.googleapis.com/uploads-815507577531.us-central1.cloudfunctions.appspot.com/47047954-b202-4704-8065-f6c80571345c.zip?GoogleAccessId=service-795283889160@gcf-admin-robot.iam.gserviceaccount.com&Expires=1705222206&Signature=WNMtqaM3ysEOImFXnxJ9lnB1rlR%2FJ6Vt8BZI5fask%2Bf0s%2F739pYF9rvOXnd%2F4LxrLbc9NwKHtZqNrm2TGSDg840bqKYvzCMafCz3Jr1xiz0MlldzHyKBG5XacmrJwL%2FKnkA%2Be%2BkcawMVN5mvxt2uQJOLYixmOOawZNiqjc0W7OeRxziXAsH%2FDl929VnHTFlquuwNodhRd%2FMuZ4LO89imDj%2BGDV6KYTDJuM57pFFIL25xpBlGmVM8HC5uuPTbIT9tOkS9k57h1hgFZOyN1iv7rHTTa9%2FearmFYRHZS3Vng8wLpcwKHmBjYVO%2F6DvjjVEAjHiiBQRl82PDA6roEfu0rw%3D%3D","environmentVariables":{"FIREBASE_CONFIG":"{\"projectId\":\"journi-dev\",\"storageBucket\":\"journi-dev.appspot.com\",\"locationId\":\"us-central\"}","GCLOUD_PROJECT":"journi-dev","EVENTARC_CLOUD_EVENT_SOURCE":"projects/journi-dev/locations/us-central1/functions/api"},"runtime":"nodejs18","buildId":"4c82315f-6be5-4a55-91bf-38366f12cbe0","buildEnvironmentVariables":{"GOOGLE_NODE_RUN_SCRIPTS":""},"buildName":"projects/795283889160/locations/us-central1/builds/4c82315f-6be5-4a55-91bf-38366f12cbe0","dockerRegistry":"ARTIFACT_REGISTRY","automaticUpdatePolicy":{}},"versionId":"184","updateTime":"2024-01-14T08:20:08Z","buildId":"7c210f76-5e33-42cd-9e23-51624ee71756","buildName":"projects/795283889160/locations/us-central1/builds/7c210f76-5e33-42cd-9e23-51624ee71756"}}
[debug] [2024-01-14T08:20:16.083Z] [update-default-us-central1-api] Retrying task index 0
[debug] [2024-01-14T08:20:16.084Z] >>> [apiv2][query] GET https://cloudfunctions.googleapis.com/v1/operations/am91cm5pLWRldi91cy1jZW50cmFsMS9hcGkvbzFhanBBZ1dfUk0 [none]
[debug] [2024-01-14T08:20:16.229Z] <<< [apiv2][status] GET https://cloudfunctions.googleapis.com/v1/operations/am91cm5pLWRldi91cy1jZW50cmFsMS9hcGkvbzFhanBBZ1dfUk0 200
[debug] [2024-01-14T08:20:16.230Z] <<< [apiv2][body] GET https://cloudfunctions.googleapis.com/v1/operations/am91cm5pLWRldi91cy1jZW50cmFsMS9hcGkvbzFhanBBZ1dfUk0 {"name":"operations/am91cm5pLWRldi91cy1jZW50cmFsMS9hcGkvbzFhanBBZ1dfUk0","metadata":{"@type":"type.googleapis.com/google.cloud.functions.v1.OperationMetadataV1","target":"projects/journi-dev/locations/us-central1/functions/api","type":"UPDATE_FUNCTION","request":{"@type":"type.googleapis.com/google.cloud.functions.v1.CloudFunction","name":"projects/journi-dev/locations/us-central1/functions/api","httpsTrigger":{"url":"https://us-central1-journi-dev.cloudfunctions.net/api","securityLevel":"SECURE_ALWAYS"},"status":"ACTIVE","entryPoint":"api","updateTime":"2024-01-14T08:16:21.156Z","versionId":"183","labels":{"deployment-tool":"cli-firebase","firebase-functions-hash":"caddd2b257e12562b84fb78b15d53a37c9056f77"},"sourceUploadUrl":"https://storage.googleapis.com/uploads-815507577531.us-central1.cloudfunctions.appspot.com/47047954-b202-4704-8065-f6c80571345c.zip?GoogleAccessId=service-795283889160@gcf-admin-robot.iam.gserviceaccount.com&Expires=1705222206&Signature=WNMtqaM3ysEOImFXnxJ9lnB1rlR%2FJ6Vt8BZI5fask%2Bf0s%2F739pYF9rvOXnd%2F4LxrLbc9NwKHtZqNrm2TGSDg840bqKYvzCMafCz3Jr1xiz0MlldzHyKBG5XacmrJwL%2FKnkA%2Be%2BkcawMVN5mvxt2uQJOLYixmOOawZNiqjc0W7OeRxziXAsH%2FDl929VnHTFlquuwNodhRd%2FMuZ4LO89imDj%2BGDV6KYTDJuM57pFFIL25xpBlGmVM8HC5uuPTbIT9tOkS9k57h1hgFZOyN1iv7rHTTa9%2FearmFYRHZS3Vng8wLpcwKHmBjYVO%2F6DvjjVEAjHiiBQRl82PDA6roEfu0rw%3D%3D","environmentVariables":{"FIREBASE_CONFIG":"{\"projectId\":\"journi-dev\",\"storageBucket\":\"journi-dev.appspot.com\",\"locationId\":\"us-central\"}","GCLOUD_PROJECT":"journi-dev","EVENTARC_CLOUD_EVENT_SOURCE":"projects/journi-dev/locations/us-central1/functions/api"},"runtime":"nodejs18","buildId":"4c82315f-6be5-4a55-91bf-38366f12cbe0","buildEnvironmentVariables":{"GOOGLE_NODE_RUN_SCRIPTS":""},"buildName":"projects/795283889160/locations/us-central1/builds/4c82315f-6be5-4a55-91bf-38366f12cbe0","dockerRegistry":"ARTIFACT_REGISTRY","automaticUpdatePolicy":{}},"versionId":"184","updateTime":"2024-01-14T08:20:08Z","buildId":"7c210f76-5e33-42cd-9e23-51624ee71756","buildName":"projects/795283889160/locations/us-central1/builds/7c210f76-5e33-42cd-9e23-51624ee71756"}}
[debug] [2024-01-14T08:20:24.231Z] [update-default-us-central1-api] Retrying task index 0
[debug] [2024-01-14T08:20:24.234Z] >>> [apiv2][query] GET https://cloudfunctions.googleapis.com/v1/operations/am91cm5pLWRldi91cy1jZW50cmFsMS9hcGkvbzFhanBBZ1dfUk0 [none]
[debug] [2024-01-14T08:20:24.375Z] <<< [apiv2][status] GET https://cloudfunctions.googleapis.com/v1/operations/am91cm5pLWRldi91cy1jZW50cmFsMS9hcGkvbzFhanBBZ1dfUk0 200
[debug] [2024-01-14T08:20:24.375Z] <<< [apiv2][body] GET https://cloudfunctions.googleapis.com/v1/operations/am91cm5pLWRldi91cy1jZW50cmFsMS9hcGkvbzFhanBBZ1dfUk0 {"name":"operations/am91cm5pLWRldi91cy1jZW50cmFsMS9hcGkvbzFhanBBZ1dfUk0","metadata":{"@type":"type.googleapis.com/google.cloud.functions.v1.OperationMetadataV1","target":"projects/journi-dev/locations/us-central1/functions/api","type":"UPDATE_FUNCTION","request":{"@type":"type.googleapis.com/google.cloud.functions.v1.CloudFunction","name":"projects/journi-dev/locations/us-central1/functions/api","httpsTrigger":{"url":"https://us-central1-journi-dev.cloudfunctions.net/api","securityLevel":"SECURE_ALWAYS"},"status":"ACTIVE","entryPoint":"api","updateTime":"2024-01-14T08:16:21.156Z","versionId":"183","labels":{"deployment-tool":"cli-firebase","firebase-functions-hash":"caddd2b257e12562b84fb78b15d53a37c9056f77"},"sourceUploadUrl":"https://storage.googleapis.com/uploads-815507577531.us-central1.cloudfunctions.appspot.com/47047954-b202-4704-8065-f6c80571345c.zip?GoogleAccessId=service-795283889160@gcf-admin-robot.iam.gserviceaccount.com&Expires=1705222206&Signature=WNMtqaM3ysEOImFXnxJ9lnB1rlR%2FJ6Vt8BZI5fask%2Bf0s%2F739pYF9rvOXnd%2F4LxrLbc9NwKHtZqNrm2TGSDg840bqKYvzCMafCz3Jr1xiz0MlldzHyKBG5XacmrJwL%2FKnkA%2Be%2BkcawMVN5mvxt2uQJOLYixmOOawZNiqjc0W7OeRxziXAsH%2FDl929VnHTFlquuwNodhRd%2FMuZ4LO89imDj%2BGDV6KYTDJuM57pFFIL25xpBlGmVM8HC5uuPTbIT9tOkS9k57h1hgFZOyN1iv7rHTTa9%2FearmFYRHZS3Vng8wLpcwKHmBjYVO%2F6DvjjVEAjHiiBQRl82PDA6roEfu0rw%3D%3D","environmentVariables":{"FIREBASE_CONFIG":"{\"projectId\":\"journi-dev\",\"storageBucket\":\"journi-dev.appspot.com\",\"locationId\":\"us-central\"}","GCLOUD_PROJECT":"journi-dev","EVENTARC_CLOUD_EVENT_SOURCE":"projects/journi-dev/locations/us-central1/functions/api"},"runtime":"nodejs18","buildId":"4c82315f-6be5-4a55-91bf-38366f12cbe0","buildEnvironmentVariables":{"GOOGLE_NODE_RUN_SCRIPTS":""},"buildName":"projects/795283889160/locations/us-central1/builds/4c82315f-6be5-4a55-91bf-38366f12cbe0","dockerRegistry":"ARTIFACT_REGISTRY","automaticUpdatePolicy":{}},"versionId":"184","updateTime":"2024-01-14T08:20:08Z","buildId":"7c210f76-5e33-42cd-9e23-51624ee71756","buildName":"projects/795283889160/locations/us-central1/builds/7c210f76-5e33-42cd-9e23-51624ee71756"}}
[debug] [2024-01-14T08:20:34.378Z] [update-default-us-central1-api] Retrying task index 0
[debug] [2024-01-14T08:20:34.379Z] >>> [apiv2][query] GET https://cloudfunctions.googleapis.com/v1/operations/am91cm5pLWRldi91cy1jZW50cmFsMS9hcGkvbzFhanBBZ1dfUk0 [none]
[debug] [2024-01-14T08:20:34.522Z] <<< [apiv2][status] GET https://cloudfunctions.googleapis.com/v1/operations/am91cm5pLWRldi91cy1jZW50cmFsMS9hcGkvbzFhanBBZ1dfUk0 200
[debug] [2024-01-14T08:20:34.522Z] <<< [apiv2][body] GET https://cloudfunctions.googleapis.com/v1/operations/am91cm5pLWRldi91cy1jZW50cmFsMS9hcGkvbzFhanBBZ1dfUk0 {"name":"operations/am91cm5pLWRldi91cy1jZW50cmFsMS9hcGkvbzFhanBBZ1dfUk0","metadata":{"@type":"type.googleapis.com/google.cloud.functions.v1.OperationMetadataV1","target":"projects/journi-dev/locations/us-central1/functions/api","type":"UPDATE_FUNCTION","request":{"@type":"type.googleapis.com/google.cloud.functions.v1.CloudFunction","name":"projects/journi-dev/locations/us-central1/functions/api","httpsTrigger":{"url":"https://us-central1-journi-dev.cloudfunctions.net/api","securityLevel":"SECURE_ALWAYS"},"status":"ACTIVE","entryPoint":"api","updateTime":"2024-01-14T08:16:21.156Z","versionId":"183","labels":{"deployment-tool":"cli-firebase","firebase-functions-hash":"caddd2b257e12562b84fb78b15d53a37c9056f77"},"sourceUploadUrl":"https://storage.googleapis.com/uploads-815507577531.us-central1.cloudfunctions.appspot.com/47047954-b202-4704-8065-f6c80571345c.zip?GoogleAccessId=service-795283889160@gcf-admin-robot.iam.gserviceaccount.com&Expires=1705222206&Signature=WNMtqaM3ysEOImFXnxJ9lnB1rlR%2FJ6Vt8BZI5fask%2Bf0s%2F739pYF9rvOXnd%2F4LxrLbc9NwKHtZqNrm2TGSDg840bqKYvzCMafCz3Jr1xiz0MlldzHyKBG5XacmrJwL%2FKnkA%2Be%2BkcawMVN5mvxt2uQJOLYixmOOawZNiqjc0W7OeRxziXAsH%2FDl929VnHTFlquuwNodhRd%2FMuZ4LO89imDj%2BGDV6KYTDJuM57pFFIL25xpBlGmVM8HC5uuPTbIT9tOkS9k57h1hgFZOyN1iv7rHTTa9%2FearmFYRHZS3Vng8wLpcwKHmBjYVO%2F6DvjjVEAjHiiBQRl82PDA6roEfu0rw%3D%3D","environmentVariables":{"FIREBASE_CONFIG":"{\"projectId\":\"journi-dev\",\"storageBucket\":\"journi-dev.appspot.com\",\"locationId\":\"us-central\"}","GCLOUD_PROJECT":"journi-dev","EVENTARC_CLOUD_EVENT_SOURCE":"projects/journi-dev/locations/us-central1/functions/api"},"runtime":"nodejs18","buildId":"4c82315f-6be5-4a55-91bf-38366f12cbe0","buildEnvironmentVariables":{"GOOGLE_NODE_RUN_SCRIPTS":""},"buildName":"projects/795283889160/locations/us-central1/builds/4c82315f-6be5-4a55-91bf-38366f12cbe0","dockerRegistry":"ARTIFACT_REGISTRY","automaticUpdatePolicy":{}},"versionId":"184","updateTime":"2024-01-14T08:20:08Z","buildId":"7c210f76-5e33-42cd-9e23-51624ee71756","buildName":"projects/795283889160/locations/us-central1/builds/7c210f76-5e33-42cd-9e23-51624ee71756"}}
